Построение начато 14.09.2023 18:43:57.
     1>Проект "D:\lab1\1lab\Lab1-log\1lab.vcxproj" в узле 2 (целевые объекты build).
     1>InitializeBuildStatus:
         Создание "Debug\1lab.unsuccessfulbuild", так как было задано "AlwaysCreate".
       ClCompile:
         C:\Program Files\Microsoft Visual Studio 10.0\VC\bin\CL.exe /c /ZI /nologo /W3 /WX- /Od /Oy- /D WIN32 /D _DEBUG /D _CONSOLE /D _UNICODE /D UNICODE /Gm /EHsc /RTC1 /MDd /GS /fp:precise /Zc:wchar_t /Zc:forScope /Fo"Debug\\" /Fd"Debug\vc100.pdb" /Gd /TP /analyze- /errorReport:prompt 5.cpp
         5.cpp
     1>d:\lab1\1lab\lab1-log\5.cpp(21): warning C4996: 'scanf': This function or variable may be unsafe. Consider using scanf_s instead. To disable deprecation, use _CRT_SECURE_NO_WARNINGS. See online help for details.
                 c:\program files\microsoft visual studio 10.0\vc\include\stdio.h(304): см. объявление "scanf"
     1>d:\lab1\1lab\lab1-log\5.cpp(23): warning C4996: 'scanf': This function or variable may be unsafe. Consider using scanf_s instead. To disable deprecation, use _CRT_SECURE_NO_WARNINGS. See online help for details.
                 c:\program files\microsoft visual studio 10.0\vc\include\stdio.h(304): см. объявление "scanf"
     1>d:\lab1\1lab\lab1-log\5.cpp(25): warning C4996: 'scanf': This function or variable may be unsafe. Consider using scanf_s instead. To disable deprecation, use _CRT_SECURE_NO_WARNINGS. See online help for details.
                 c:\program files\microsoft visual studio 10.0\vc\include\stdio.h(304): см. объявление "scanf"
     1>d:\lab1\1lab\lab1-log\5.cpp(27): warning C4996: 'scanf': This function or variable may be unsafe. Consider using scanf_s instead. To disable deprecation, use _CRT_SECURE_NO_WARNINGS. See online help for details.
                 c:\program files\microsoft visual studio 10.0\vc\include\stdio.h(304): см. объявление "scanf"
     1>d:\lab1\1lab\lab1-log\5.cpp(31): warning C4996: 'scanf': This function or variable may be unsafe. Consider using scanf_s instead. To disable deprecation, use _CRT_SECURE_NO_WARNINGS. See online help for details.
                 c:\program files\microsoft visual studio 10.0\vc\include\stdio.h(304): см. объявление "scanf"
       Link:
         C:\Program Files\Microsoft Visual Studio 10.0\VC\bin\link.exe /ERRORREPORT:PROMPT /OUT:"D:\lab1\1lab\Lab1-log\Debug\1lab.exe" /INCREMENTAL:NO /NOLOGO kernel32.lib user32.lib gdi32.lib winspool.lib comdlg32.lib advapi32.lib shell32.lib ole32.lib oleaut32.lib uuid.lib odbc32.lib odbccp32.lib /MANIFEST /ManifestFile:"Debug\1lab.exe.intermediate.manifest" /MANIFESTUAC:"level='asInvoker' uiAccess='false'" /DEBUG /PDB:"D:\lab1\1lab\Lab1-log\Debug\1lab.pdb" /SUBSYSTEM:CONSOLE /TLBID:1 /DYNAMICBASE /NXCOMPAT /IMPLIB:"D:\lab1\1lab\Lab1-log\Debug\1lab.lib" /MACHINE:X86 Debug\2.obj
         Debug\3.obj
         Debug\4.obj
         Debug\5.obj
         Debug\main.obj
     1>2.obj : warning LNK4075: не учитывается "/EDITANDCONTINUE" из-за спецификации "/INCREMENTAL:NO"
         1lab.vcxproj -> D:\lab1\1lab\Lab1-log\Debug\1lab.exe
       Manifest:
         C:\Program Files\Microsoft SDKs\Windows\v7.0A\bin\mt.exe /nologo /verbose /outputresource:"D:\lab1\1lab\Lab1-log\Debug\1lab.exe;#1" /manifest Debug\1lab.exe.intermediate.manifest
       FinalizeBuildStatus:
         Файл "Debug\1lab.unsuccessfulbuild" удаляется.
         Обращение к "Debug\1lab.lastbuildstate".
     1>Построение проекта "D:\lab1\1lab\Lab1-log\1lab.vcxproj" завершено (целевые объекты build).

Построение успешно завершено.

Затраченное время: 00:00:00.56
